<?xml version="1.0" encoding="UTF-8"?>
<testsuite xmlns:xsi="http://www.w3.org/2001/XMLSchema-instance" xsi:noNamespaceSchemaLocation="https://maven.apache.org/surefire/maven-surefire-plugin/xsd/surefire-test-report.xsd" name="TestSuite" time="71.666" tests="3" errors="0" skipped="2" failures="1">
  <properties>
[...]
</properties>
  <testcase name="verifyCreateNewUserWithValid" classname="com.task.automation.test.SignIn" time="0">
    <skipped message="Unable to locate element: //a[contains(text(),&apos;Create New&apos;)]&#10;For documentation on this error, please visit: http://seleniumhq.org/exceptions/no_such_element.html&#10;Build info: version: &apos;3.14.0&apos;, revision: &apos;aacccce0&apos;, time: &apos;2018-08-02T20:19:58.91Z&apos;&#10;System info: host: &apos;RAKESH-ACER&apos;, ip: &apos;192.168.219.120&apos;, os.name: &apos;Windows 11&apos;, os.arch: &apos;amd64&apos;, os.version: &apos;10.0&apos;, java.version: &apos;11.0.19&apos;&#10;Driver info: org.openqa.selenium.firefox.FirefoxDriver&#10;Capabilities {acceptInsecureCerts: true, browserName: firefox, browserVersion: 72.0.2, javascriptEnabled: true, moz:accessibilityChecks: false, moz:buildID: 20200117190643, moz:geckodriverVersion: 0.33.0, moz:headless: false, moz:processID: 10864, moz:profile: C:\Users\Rakesh\AppData\Loc..., moz:shutdownTimeout: 60000, moz:useNonSpecCompliantPointerOrigin: false, moz:webdriverClick: true, pageLoadStrategy: normal, platform: WINDOWS, platformName: WINDOWS, platformVersion: 10.0, rotatable: false, setWindowRect: true, strictFileInteractability: false, timeouts: {implicit: 0, pageLoad: 300000, script: 30000}, unhandledPromptBehavior: dismiss and notify}&#10;Session ID: ecb8c18e-8841-41b2-9efa-4d95070bb641&#10;*** Element info: {Using=xpath, value=//a[contains(text(),&apos;Create New&apos;)]}"/>
    <system-out><![CDATA[****************Driver*************resources//drivers//geckodriver.exe
Test case]]></system-out>
    <system-err><![CDATA[1703590550755	geckodriver	INFO	Listening on 127.0.0.1:5459
1703590550921	mozrunner::runner	INFO	Running command: "C:\\Program Files\\Mozilla Firefox\\firefox.exe" "--marionette" "use-fake-ui-for-media-stream" "-no-remote" "-profile" "C:\\Users\\Rakesh\\AppData\\Local\\Temp\\rust_mozprofile52bhSV"
1703590551221	addons.webextension.doh-rollout@mozilla.org	WARN	Loading extension 'doh-rollout@mozilla.org': Reading manifest: Invalid extension permission: networkStatus
1703590551321	addons.webextension.screenshots@mozilla.org	WARN	Loading extension 'screenshots@mozilla.org': Reading manifest: Invalid extension permission: mozillaAddons
1703590551321	addons.webextension.screenshots@mozilla.org	WARN	Loading extension 'screenshots@mozilla.org': Reading manifest: Invalid extension permission: telemetry
1703590551321	addons.webextension.screenshots@mozilla.org	WARN	Loading extension 'screenshots@mozilla.org': Reading manifest: Invalid extension permission: resource://pdf.js/
1703590551321	addons.webextension.screenshots@mozilla.org	WARN	Loading extension 'screenshots@mozilla.org': Reading manifest: Invalid extension permission: about:reader*
JavaScript error: resource://gre/modules/XULStore.jsm, line 66: Error: Can't find profile directory.
1703590552872	Marionette	INFO	Listening on port 56412
1703590552984	Marionette	WARN	TLS certificate errors will be ignored for this session
Dec 26, 2023 5:05:53 PM org.openqa.selenium.remote.ProtocolHandshake createSession
INFO: Detected dialect: W3C
JavaScript warning: https://static.hugedomains.com/js/hdv3-js/common.js, line 74: unreachable code after return statement
]]></system-err>
  </testcase>
  <testcase name="verifyCreateNewUserWithValid" classname="com.task.automation.test.SignIn" time="0">
    <skipped message="Unable to locate element: //a[contains(text(),&apos;Create New&apos;)]&#10;For documentation on this error, please visit: http://seleniumhq.org/exceptions/no_such_element.html&#10;Build info: version: &apos;3.14.0&apos;, revision: &apos;aacccce0&apos;, time: &apos;2018-08-02T20:19:58.91Z&apos;&#10;System info: host: &apos;RAKESH-ACER&apos;, ip: &apos;192.168.219.120&apos;, os.name: &apos;Windows 11&apos;, os.arch: &apos;amd64&apos;, os.version: &apos;10.0&apos;, java.version: &apos;11.0.19&apos;&#10;Driver info: org.openqa.selenium.firefox.FirefoxDriver&#10;Capabilities {acceptInsecureCerts: true, browserName: firefox, browserVersion: 72.0.2, javascriptEnabled: true, moz:accessibilityChecks: false, moz:buildID: 20200117190643, moz:geckodriverVersion: 0.33.0, moz:headless: false, moz:processID: 10864, moz:profile: C:\Users\Rakesh\AppData\Loc..., moz:shutdownTimeout: 60000, moz:useNonSpecCompliantPointerOrigin: false, moz:webdriverClick: true, pageLoadStrategy: normal, platform: WINDOWS, platformName: WINDOWS, platformVersion: 10.0, rotatable: false, setWindowRect: true, strictFileInteractability: false, timeouts: {implicit: 0, pageLoad: 300000, script: 30000}, unhandledPromptBehavior: dismiss and notify}&#10;Session ID: ecb8c18e-8841-41b2-9efa-4d95070bb641&#10;*** Element info: {Using=xpath, value=//a[contains(text(),&apos;Create New&apos;)]}"/>
    <system-out><![CDATA[METHOD........verifyCreateNewUserWithValid_17azh8ihdcylq
Test case]]></system-out>
    <system-err><![CDATA[JavaScript warning: https://static.hugedomains.com/js/hdv3-js/common.js, line 74: unreachable code after return statement
]]></system-err>
  </testcase>
  <testcase name="verifyCreateNewUserWithValid" classname="com.task.automation.test.SignIn" time="11.915">
    <failure message="Unable to locate element: //a[contains(text(),&apos;Create New&apos;)]&#10;For documentation on this error, please visit: http://seleniumhq.org/exceptions/no_such_element.html&#10;Build info: version: &apos;3.14.0&apos;, revision: &apos;aacccce0&apos;, time: &apos;2018-08-02T20:19:58.91Z&apos;&#10;System info: host: &apos;RAKESH-ACER&apos;, ip: &apos;192.168.219.120&apos;, os.name: &apos;Windows 11&apos;, os.arch: &apos;amd64&apos;, os.version: &apos;10.0&apos;, java.version: &apos;11.0.19&apos;&#10;Driver info: org.openqa.selenium.firefox.FirefoxDriver&#10;Capabilities {acceptInsecureCerts: true, browserName: firefox, browserVersion: 72.0.2, javascriptEnabled: true, moz:accessibilityChecks: false, moz:buildID: 20200117190643, moz:geckodriverVersion: 0.33.0, moz:headless: false, moz:processID: 10864, moz:profile: C:\Users\Rakesh\AppData\Loc..., moz:shutdownTimeout: 60000, moz:useNonSpecCompliantPointerOrigin: false, moz:webdriverClick: true, pageLoadStrategy: normal, platform: WINDOWS, platformName: WINDOWS, platformVersion: 10.0, rotatable: false, setWindowRect: true, strictFileInteractability: false, timeouts: {implicit: 0, pageLoad: 300000, script: 30000}, unhandledPromptBehavior: dismiss and notify}&#10;Session ID: ecb8c18e-8841-41b2-9efa-4d95070bb641&#10;*** Element info: {Using=xpath, value=//a[contains(text(),&apos;Create New&apos;)]}" type="org.openqa.selenium.NoSuchElementException">org.openqa.selenium.NoSuchElementException: 
Unable to locate element: //a[contains(text(),'Create New')]
For documentation on this error, please visit: http://seleniumhq.org/exceptions/no_such_element.html
Build info: version: '3.14.0', revision: 'aacccce0', time: '2018-08-02T20:19:58.91Z'
System info: host: 'RAKESH-ACER', ip: '192.168.219.120', os.name: 'Windows 11', os.arch: 'amd64', os.version: '10.0', java.version: '11.0.19'
Driver info: org.openqa.selenium.firefox.FirefoxDriver
Capabilities {acceptInsecureCerts: true, browserName: firefox, browserVersion: 72.0.2, javascriptEnabled: true, moz:accessibilityChecks: false, moz:buildID: 20200117190643, moz:geckodriverVersion: 0.33.0, moz:headless: false, moz:processID: 10864, moz:profile: C:\Users\Rakesh\AppData\Loc..., moz:shutdownTimeout: 60000, moz:useNonSpecCompliantPointerOrigin: false, moz:webdriverClick: true, pageLoadStrategy: normal, platform: WINDOWS, platformName: WINDOWS, platformVersion: 10.0, rotatable: false, setWindowRect: true, strictFileInteractability: false, timeouts: {implicit: 0, pageLoad: 300000, script: 30000}, unhandledPromptBehavior: dismiss and notify}
Session ID: ecb8c18e-8841-41b2-9efa-4d95070bb641
*** Element info: {Using=xpath, value=//a[contains(text(),'Create New')]}
	at com.task.automation.test.SignIn.verifyCreateNewUserWithValid(SignIn.java:83)
</failure>
    <system-out><![CDATA[METHOD........verifyCreateNewUserWithValid_1c5lpulrin2d5
Test case]]></system-out>
    <system-err><![CDATA[JavaScript warning: https://static.hugedomains.com/js/hdv3-js/common.js, line 74: unreachable code after return statement
]]></system-err>
  </testcase>
</testsuite>